IMKit/build/intermediates/manifest_merge_blame_file/debug/manifest-merger-blame-debug-report.txt
1<?xml version="1.0" encoding="utf-8"?>
2<manifest xmlns:android="http://schemas.android.com/apk/res/android"
3    package="io.rong.imkit"
4    android:versionCode="20220128"
5    android:versionName="5.1.3.10" >
6
7    <uses-sdk
8        android:minSdkVersion="19"
8-->src\main\AndroidManifest.xml
9        android:targetSdkVersion="31" />
9-->src\main\AndroidManifest.xml
10    <!-- 访问相册，访问文件系统等 -->
11    <uses-permission android:name="android.permission.READ_EXTERNAL_STORAGE" />
11-->src\main\AndroidManifest.xml:4:5-80
11-->src\main\AndroidManifest.xml:4:22-77
12    <!-- 拍照 -->
13    <uses-permission android:name="android.permission.CAMERA" />
13-->src\main\AndroidManifest.xml:6:5-65
13-->src\main\AndroidManifest.xml:6:22-62
14    <!-- 拍照等 -->
15    <uses-permission android:name="android.permission.VIBRATE" />
15-->src\main\AndroidManifest.xml:8:5-66
15-->src\main\AndroidManifest.xml:8:22-63
16    <uses-permission android:name="android.permission.WRITE_SETTINGS" />
16-->src\main\AndroidManifest.xml:9:5-73
16-->src\main\AndroidManifest.xml:9:22-70
17    <!-- 网络 -->
18    <uses-permission android:name="android.permission.CHANGE_WIFI_STATE" />
18-->src\main\AndroidManifest.xml:11:5-76
18-->src\main\AndroidManifest.xml:11:22-73
19    <uses-permission android:name="android.permission.INTERNET" />
19-->src\main\AndroidManifest.xml:12:5-67
19-->src\main\AndroidManifest.xml:12:22-64
20    <uses-permission android:name="android.permission.ACCESS_NETWORK_STATE" />
20-->src\main\AndroidManifest.xml:13:5-79
20-->src\main\AndroidManifest.xml:13:22-76
21    <uses-permission android:name="android.permission.ACCESS_WIFI_STATE" />
21-->src\main\AndroidManifest.xml:14:5-76
21-->src\main\AndroidManifest.xml:14:22-73
22
23    <application android:supportsRtl="true" >
23-->src\main\AndroidManifest.xml:16:5-132:19
23-->src\main\AndroidManifest.xml:16:18-44
24        <activity
24-->src\main\AndroidManifest.xml:17:9-19:52
25            android:name="io.rong.imkit.conversationlist.RongConversationListActivity"
25-->src\main\AndroidManifest.xml:18:13-87
26            android:screenOrientation="portrait" />
26-->src\main\AndroidManifest.xml:19:13-49
27        <activity
27-->src\main\AndroidManifest.xml:20:9-22:52
28            android:name="io.rong.imkit.conversation.RongConversationActivity"
28-->src\main\AndroidManifest.xml:21:13-66
29            android:screenOrientation="portrait" />
29-->src\main\AndroidManifest.xml:22:13-49
30        <activity
30-->src\main\AndroidManifest.xml:24:9-26:52
31            android:name="io.rong.imkit.subconversationlist.RongSubConversationListActivity"
31-->src\main\AndroidManifest.xml:25:13-80
32            android:screenOrientation="portrait" />
32-->src\main\AndroidManifest.xml:26:13-49
33        <activity
33-->src\main\AndroidManifest.xml:27:9-29:52
34            android:name="io.rong.imkit.feature.mention.MentionMemberSelectActivity"
34-->src\main\AndroidManifest.xml:28:13-72
35            android:screenOrientation="portrait" />
35-->src\main\AndroidManifest.xml:29:13-49
36        <activity
36-->src\main\AndroidManifest.xml:31:9-33:52
37            android:name="io.rong.imkit.feature.location.AMapLocationActivity"
37-->src\main\AndroidManifest.xml:32:13-79
38            android:screenOrientation="portrait" />
38-->src\main\AndroidManifest.xml:33:13-49
39        <activity
39-->src\main\AndroidManifest.xml:35:9-37:52
40            android:name="io.rong.imkit.feature.location.AMapLocationActivity2D"
40-->src\main\AndroidManifest.xml:36:13-81
41            android:screenOrientation="portrait" />
41-->src\main\AndroidManifest.xml:37:13-49
42        <activity
42-->src\main\AndroidManifest.xml:38:9-40:52
43            android:name="io.rong.imkit.feature.location.AMapPreviewActivity"
43-->src\main\AndroidManifest.xml:39:13-78
44            android:screenOrientation="portrait" />
44-->src\main\AndroidManifest.xml:40:13-49
45        <activity
45-->src\main\AndroidManifest.xml:41:9-43:52
46            android:name="io.rong.imkit.feature.location.AMapPreviewActivity2D"
46-->src\main\AndroidManifest.xml:42:13-80
47            android:screenOrientation="portrait" />
47-->src\main\AndroidManifest.xml:43:13-49
48        <activity
48-->src\main\AndroidManifest.xml:45:9-47:52
49            android:name="io.rong.imkit.feature.location.AMapRealTimeActivity"
49-->src\main\AndroidManifest.xml:46:13-66
50            android:screenOrientation="portrait" />
50-->src\main\AndroidManifest.xml:47:13-49
51        <activity
51-->src\main\AndroidManifest.xml:49:9-51:52
52            android:name="io.rong.imkit.feature.location.AMapRealTimeActivity2D"
52-->src\main\AndroidManifest.xml:50:13-68
53            android:screenOrientation="portrait" />
53-->src\main\AndroidManifest.xml:51:13-49
54        <activity
54-->src\main\AndroidManifest.xml:53:9-55:52
55            android:name="io.rong.imkit.activity.RongWebviewActivity"
55-->src\main\AndroidManifest.xml:54:13-57
56            android:screenOrientation="portrait" />
56-->src\main\AndroidManifest.xml:55:13-49
57        <activity
57-->src\main\AndroidManifest.xml:57:9-64:20
58            android:name="io.rong.imkit.activity.FilePreviewActivity"
58-->src\main\AndroidManifest.xml:58:13-57
59            android:exported="false"
59-->src\main\AndroidManifest.xml:59:13-37
60            android:screenOrientation="portrait" >
60-->src\main\AndroidManifest.xml:60:13-49
61            <intent-filter>
61-->src\main\AndroidManifest.xml:61:13-63:29
62                <category android:name="android.intent.category.DEFAULT" />
62-->src\main\AndroidManifest.xml:62:17-76
62-->src\main\AndroidManifest.xml:62:27-73
63            </intent-filter>
64        </activity>
65        <activity
65-->src\main\AndroidManifest.xml:66:9-74:20
66            android:name="io.rong.imkit.activity.PicturePagerActivity"
66-->src\main\AndroidManifest.xml:67:13-58
67            android:configChanges="orientation|keyboardHidden|screenSize"
67-->src\main\AndroidManifest.xml:68:13-74
68            android:exported="false"
68-->src\main\AndroidManifest.xml:69:13-37
69            android:theme="@android:style/Theme.NoTitleBar.Fullscreen" >
69-->src\main\AndroidManifest.xml:70:13-71
70            <intent-filter>
70-->src\main\AndroidManifest.xml:61:13-63:29
71                <category android:name="android.intent.category.DEFAULT" />
71-->src\main\AndroidManifest.xml:62:17-76
71-->src\main\AndroidManifest.xml:62:27-73
72            </intent-filter>
73        </activity>
74        <activity
74-->src\main\AndroidManifest.xml:75:9-77:52
75            android:name="io.rong.imkit.activity.ForwardSelectConversationActivity"
75-->src\main\AndroidManifest.xml:76:13-71
76            android:screenOrientation="portrait" />
76-->src\main\AndroidManifest.xml:77:13-49
77        <activity
77-->src\main\AndroidManifest.xml:79:9-82:52
78            android:name="io.rong.imkit.activity.CombineWebViewActivity"
78-->src\main\AndroidManifest.xml:80:13-60
79            android:exported="false"
79-->src\main\AndroidManifest.xml:81:13-37
80            android:screenOrientation="portrait" />
80-->src\main\AndroidManifest.xml:82:13-49
81        <activity
81-->src\main\AndroidManifest.xml:84:9-87:52
82            android:name="io.rong.imkit.activity.WebFilePreviewActivity"
82-->src\main\AndroidManifest.xml:85:13-73
83            android:exported="false"
83-->src\main\AndroidManifest.xml:86:13-37
84            android:screenOrientation="portrait" />
84-->src\main\AndroidManifest.xml:87:13-49
85        <activity
85-->src\main\AndroidManifest.xml:89:9-92:74
86            android:name="io.rong.imkit.activity.CombinePicturePagerActivity"
86-->src\main\AndroidManifest.xml:90:13-78
87            android:exported="false"
87-->src\main\AndroidManifest.xml:91:13-37
88            android:theme="@android:style/Theme.NoTitleBar.Fullscreen" />
88-->src\main\AndroidManifest.xml:92:13-71
89        <activity
89-->src\main\AndroidManifest.xml:93:9-96:74
90            android:name="io.rong.imkit.activity.GIFPreviewActivity"
90-->src\main\AndroidManifest.xml:94:13-69
91            android:exported="false"
91-->src\main\AndroidManifest.xml:95:13-37
92            android:theme="@android:style/Theme.NoTitleBar.Fullscreen" />
92-->src\main\AndroidManifest.xml:96:13-71
93
94        <!-- start图库配置项 -->
95        <provider
95-->src\main\AndroidManifest.xml:100:9-108:20
96            android:name="io.rong.imkit.picture.PictureFileProvider"
96-->src\main\AndroidManifest.xml:101:13-56
97            android:authorities="${applicationId}.provider"
97-->src\main\AndroidManifest.xml:102:13-60
98            android:exported="false"
98-->src\main\AndroidManifest.xml:103:13-37
99            android:grantUriPermissions="true" >
99-->src\main\AndroidManifest.xml:104:13-47
100            <meta-data
100-->src\main\AndroidManifest.xml:105:13-107:56
101                android:name="android.support.FILE_PROVIDER_PATHS"
101-->src\main\AndroidManifest.xml:106:17-67
102                android:resource="@xml/rc_file_path" />
102-->src\main\AndroidManifest.xml:107:17-53
103        </provider>
104
105        <activity
105-->src\main\AndroidManifest.xml:110:9-112:52
106            android:name="io.rong.imkit.picture.PictureSelectorActivity"
106-->src\main\AndroidManifest.xml:110:19-66
107            android:configChanges="orientation|keyboardHidden|screenSize"
107-->src\main\AndroidManifest.xml:111:13-74
108            android:screenOrientation="portrait" />
108-->src\main\AndroidManifest.xml:112:13-49
109        <activity
109-->src\main\AndroidManifest.xml:113:9-117:64
110            android:name="io.rong.imkit.picture.PictureSelectorCameraEmptyActivity"
110-->src\main\AndroidManifest.xml:114:13-71
111            android:configChanges="orientation|keyboardHidden|screenSize"
111-->src\main\AndroidManifest.xml:115:13-74
112            android:screenOrientation="portrait"
112-->src\main\AndroidManifest.xml:116:13-49
113            android:theme="@style/Picture.Theme.Translucent" />
113-->src\main\AndroidManifest.xml:117:13-61
114        <activity
114-->src\main\AndroidManifest.xml:119:9-121:51
115            android:name="io.rong.imkit.picture.PicturePreviewActivity"
115-->src\main\AndroidManifest.xml:119:19-65
116            android:configChanges="orientation|keyboardHidden|screenSize"
116-->src\main\AndroidManifest.xml:120:13-74
117            android:screenOrientation="portrait" />
117-->src\main\AndroidManifest.xml:121:13-49
118        <activity
118-->src\main\AndroidManifest.xml:122:9-125:52
119            android:name="io.rong.imkit.picture.PictureVideoPlayActivity"
119-->src\main\AndroidManifest.xml:123:13-61
120            android:configChanges="orientation|keyboardHidden|screenSize"
120-->src\main\AndroidManifest.xml:124:13-74
121            android:screenOrientation="portrait" />
121-->src\main\AndroidManifest.xml:125:13-49
122        <!-- end图库配置项 -->
123
124        <activity
124-->src\main\AndroidManifest.xml:128:9-131:71
125            android:name="io.rong.imkit.feature.location.SearchLocationActivity"
125-->src\main\AndroidManifest.xml:129:13-81
126            android:screenOrientation="portrait"
126-->src\main\AndroidManifest.xml:130:13-49
127            android:windowSoftInputMode="stateVisible|adjustResize" />
127-->src\main\AndroidManifest.xml:131:13-68
128    </application>
129
130</manifest>